<?xml version="1.0" encoding="UTF-8"?>
<testng-results ignored="0" total="2" passed="2" failed="0" skipped="0">
  <reporter-output>
  </reporter-output>
  <suite started-at="2023-06-22T11:19:59 IST" name="Default suite" finished-at="2023-06-22T11:21:31 IST" duration-ms="91936">
    <groups>
      <group name="RegressionSuite">
        <method signature="CreateContactWithOrganizationTest.createContactWithOrgTest()[pri:0, instance:vtiger.ContactsTests.CreateContactWithOrganizationTest@2d710f1a]" name="createContactWithOrgTest" class="vtiger.ContactsTests.CreateContactWithOrganizationTest"/>
      </group> <!-- RegressionSuite -->
    </groups>
    <test started-at="2023-06-22T11:19:59 IST" name="Default test" finished-at="2023-06-22T11:21:31 IST" duration-ms="91936">
      <class name="vtiger.ContactsTests.CreateContactWithOrganizationTest">
        <test-method is-config="true" signature="bsConfig()[pri:0, instance:vtiger.ContactsTests.CreateContactWithOrganizationTest@2d710f1a]" started-at="2023-06-22T11:19:59 IST" name="bsConfig" finished-at="2023-06-22T11:19:59 IST" duration-ms="6" status="PASS">
          <reporter-output>
          </reporter-output>
        </test-method> <!-- bsConfig -->
        <test-method is-config="true" signature="bcConfig()[pri:0, instance:vtiger.ContactsTests.CreateContactWithOrganizationTest@2d710f1a]" started-at="2023-06-22T11:19:59 IST" name="bcConfig" finished-at="2023-06-22T11:20:47 IST" duration-ms="48300" status="PASS">
          <reporter-output>
          </reporter-output>
        </test-method> <!-- bcConfig -->
        <test-method is-config="true" signature="bmConfig()[pri:0, instance:vtiger.ContactsTests.CreateContactWithOrganizationTest@2d710f1a]" started-at="2023-06-22T11:20:47 IST" name="bmConfig" finished-at="2023-06-22T11:20:51 IST" duration-ms="4073" status="PASS">
          <reporter-output>
          </reporter-output>
        </test-method> <!-- bmConfig -->
        <test-method signature="createContactWithOrgTest()[pri:0, instance:vtiger.ContactsTests.CreateContactWithOrganizationTest@2d710f1a]" started-at="2023-06-22T11:20:51 IST" name="createContactWithOrgTest" finished-at="2023-06-22T11:21:18 IST" duration-ms="27381" status="PASS">
          <reporter-output>
          </reporter-output>
        </test-method> <!-- createContactWithOrgTest -->
        <test-method is-config="true" signature="amConfig()[pri:0, instance:vtiger.ContactsTests.CreateContactWithOrganizationTest@2d710f1a]" started-at="2023-06-22T11:21:18 IST" name="amConfig" finished-at="2023-06-22T11:21:20 IST" duration-ms="1796" status="PASS">
          <reporter-output>
          </reporter-output>
        </test-method> <!-- amConfig -->
        <test-method is-config="true" signature="bmConfig()[pri:0, instance:vtiger.ContactsTests.CreateContactWithOrganizationTest@2d710f1a]" started-at="2023-06-22T11:21:20 IST" name="bmConfig" finished-at="2023-06-22T11:21:23 IST" duration-ms="3212" status="PASS">
          <reporter-output>
          </reporter-output>
        </test-method> <!-- bmConfig -->
        <test-method signature="demo()[pri:0, instance:vtiger.ContactsTests.CreateContactWithOrganizationTest@2d710f1a]" started-at="2023-06-22T11:21:23 IST" name="demo" finished-at="2023-06-22T11:21:24 IST" duration-ms="3" status="PASS">
          <reporter-output>
          </reporter-output>
        </test-method> <!-- demo -->
        <test-method is-config="true" signature="amConfig()[pri:0, instance:vtiger.ContactsTests.CreateContactWithOrganizationTest@2d710f1a]" started-at="2023-06-22T11:21:24 IST" name="amConfig" finished-at="2023-06-22T11:21:30 IST" duration-ms="6871" status="PASS">
          <reporter-output>
          </reporter-output>
        </test-method> <!-- amConfig -->
        <test-method is-config="true" signature="acConfig()[pri:0, instance:vtiger.ContactsTests.CreateContactWithOrganizationTest@2d710f1a]" started-at="2023-06-22T11:21:30 IST" name="acConfig" finished-at="2023-06-22T11:21:31 IST" duration-ms="256" status="PASS">
          <reporter-output>
          </reporter-output>
        </test-method> <!-- acConfig -->
        <test-method is-config="true" signature="asConfig()[pri:0, instance:vtiger.ContactsTests.CreateContactWithOrganizationTest@2d710f1a]" started-at="2023-06-22T11:21:31 IST" name="asConfig" finished-at="2023-06-22T11:21:31 IST" duration-ms="0" status="PASS">
          <reporter-output>
          </reporter-output>
        </test-method> <!-- asConfig -->
      </class> <!-- vtiger.ContactsTests.CreateContactWithOrganizationTest -->
    </test> <!-- Default test -->
  </suite> <!-- Default suite -->
</testng-results>
